<?xml version="1.0" encoding="UTF-8"?>
<testng-results ignored="0" total="14" passed="12" failed="1" skipped="1">
  <reporter-output>
  </reporter-output>
  <suite started-at="2023-05-02T17:10:36 IST" name="TutorialNinjaAutomationTestSuite" finished-at="2023-05-02T17:11:57 IST" duration-ms="80376">
    <groups>
    </groups>
    <test started-at="2023-05-02T17:10:36 IST" name="TutorialsNinjaTests" finished-at="2023-05-02T17:11:57 IST" duration-ms="80376">
      <class name="com.qa.testcases.Register">
        <test-method is-config="true" signature="setUp()[pri:0, instance:com.qa.testcases.Register@4550bb58]" started-at="2023-05-02T17:10:37 IST" name="setUp" finished-at="2023-05-02T17:10:45 IST" duration-ms="8679" status="PASS">
          <reporter-output>
          </reporter-output>
        </test-method> <!-- setUp -->
        <test-method signature="verifyRegisteringAccountMandatoryFields()[pri:1, instance:com.qa.testcases.Register@4550bb58]" started-at="2023-05-02T17:10:45 IST" name="verifyRegisteringAccountMandatoryFields" finished-at="2023-05-02T17:10:47 IST" duration-ms="1922" status="PASS">
          <reporter-output>
          </reporter-output>
        </test-method> <!-- verifyRegisteringAccountMandatoryFields -->
        <test-method is-config="true" signature="tearDown()[pri:0, instance:com.qa.testcases.Register@4550bb58]" started-at="2023-05-02T17:10:47 IST" name="tearDown" finished-at="2023-05-02T17:10:48 IST" duration-ms="470" status="PASS">
          <reporter-output>
          </reporter-output>
        </test-method> <!-- tearDown -->
        <test-method is-config="true" signature="setUp()[pri:0, instance:com.qa.testcases.Register@4550bb58]" started-at="2023-05-02T17:10:48 IST" name="setUp" finished-at="2023-05-02T17:10:52 IST" duration-ms="4318" status="PASS">
          <reporter-output>
          </reporter-output>
        </test-method> <!-- setUp -->
        <test-method signature="verifyRegisterAccountProvidingAllFields()[pri:2, instance:com.qa.testcases.Register@4550bb58]" started-at="2023-05-02T17:10:52 IST" name="verifyRegisterAccountProvidingAllFields" finished-at="2023-05-02T17:10:54 IST" duration-ms="2363" status="PASS">
          <reporter-output>
          </reporter-output>
        </test-method> <!-- verifyRegisterAccountProvidingAllFields -->
        <test-method is-config="true" signature="tearDown()[pri:0, instance:com.qa.testcases.Register@4550bb58]" started-at="2023-05-02T17:10:54 IST" name="tearDown" finished-at="2023-05-02T17:10:55 IST" duration-ms="536" status="PASS">
          <reporter-output>
          </reporter-output>
        </test-method> <!-- tearDown -->
        <test-method is-config="true" signature="setUp()[pri:0, instance:com.qa.testcases.Register@4550bb58]" started-at="2023-05-02T17:10:55 IST" name="setUp" finished-at="2023-05-02T17:10:59 IST" duration-ms="4093" status="PASS">
          <reporter-output>
          </reporter-output>
        </test-method> <!-- setUp -->
        <test-method signature="verifyRegisterAccountWithExistingEmailAddress()[pri:3, instance:com.qa.testcases.Register@4550bb58]" started-at="2023-05-02T17:10:59 IST" name="verifyRegisterAccountWithExistingEmailAddress" finished-at="2023-05-02T17:11:01 IST" duration-ms="2143" status="PASS">
          <reporter-output>
          </reporter-output>
        </test-method> <!-- verifyRegisterAccountWithExistingEmailAddress -->
        <test-method is-config="true" signature="tearDown()[pri:0, instance:com.qa.testcases.Register@4550bb58]" started-at="2023-05-02T17:11:01 IST" name="tearDown" finished-at="2023-05-02T17:11:01 IST" duration-ms="404" status="PASS">
          <reporter-output>
          </reporter-output>
        </test-method> <!-- tearDown -->
        <test-method is-config="true" signature="setUp()[pri:0, instance:com.qa.testcases.Register@4550bb58]" started-at="2023-05-02T17:11:01 IST" name="setUp" finished-at="2023-05-02T17:11:06 IST" duration-ms="4158" status="PASS">
          <reporter-output>
          </reporter-output>
        </test-method> <!-- setUp -->
        <test-method signature="registeringAccountWithoutFillingDetails()[pri:4, instance:com.qa.testcases.Register@4550bb58]" started-at="2023-05-02T17:11:06 IST" name="registeringAccountWithoutFillingDetails" finished-at="2023-05-02T17:11:06 IST" duration-ms="626" status="PASS">
          <reporter-output>
          </reporter-output>
        </test-method> <!-- registeringAccountWithoutFillingDetails -->
        <test-method is-config="true" signature="tearDown()[pri:0, instance:com.qa.testcases.Register@4550bb58]" started-at="2023-05-02T17:11:06 IST" name="tearDown" finished-at="2023-05-02T17:11:07 IST" duration-ms="429" status="PASS">
          <reporter-output>
          </reporter-output>
        </test-method> <!-- tearDown -->
      </class> <!-- com.qa.testcases.Register -->
      <class name="com.qa.testcases.Login">
        <test-method is-config="true" signature="setUp()[pri:0, instance:com.qa.testcases.Login@128d2484]" started-at="2023-05-02T17:11:08 IST" name="setUp" finished-at="2023-05-02T17:11:12 IST" duration-ms="3880" status="PASS">
          <reporter-output>
          </reporter-output>
        </test-method> <!-- setUp -->
        <test-method signature="verifyLoginValidCredentails(java.lang.String,java.lang.String)[pri:1, instance:com.qa.testcases.Login@128d2484]" started-at="2023-05-02T17:11:12 IST" name="verifyLoginValidCredentails" data-provider="ValidCredentialSupplier" finished-at="2023-05-02T17:11:13 IST" duration-ms="1069" status="PASS">
          <params>
            <param index="0">
              <value>
                <![CDATA[amotooricap9@gmail.com]]>
              </value>
            </param>
            <param index="1">
              <value>
                <![CDATA[12345]]>
              </value>
            </param>
          </params>
          <reporter-output>
          </reporter-output>
        </test-method> <!-- verifyLoginValidCredentails -->
        <test-method is-config="true" signature="tearDown()[pri:0, instance:com.qa.testcases.Login@128d2484]" started-at="2023-05-02T17:11:13 IST" name="tearDown" finished-at="2023-05-02T17:11:13 IST" duration-ms="514" status="PASS">
          <reporter-output>
          </reporter-output>
        </test-method> <!-- tearDown -->
        <test-method is-config="true" signature="setUp()[pri:0, instance:com.qa.testcases.Login@128d2484]" started-at="2023-05-02T17:11:13 IST" name="setUp" finished-at="2023-05-02T17:11:17 IST" duration-ms="3793" status="PASS">
          <reporter-output>
          </reporter-output>
        </test-method> <!-- setUp -->
        <test-method signature="verifyLoginValidCredentails(java.lang.String,java.lang.String)[pri:1, instance:com.qa.testcases.Login@128d2484]" started-at="2023-05-02T17:11:17 IST" name="verifyLoginValidCredentails" data-provider="ValidCredentialSupplier" finished-at="2023-05-02T17:11:18 IST" duration-ms="1048" status="PASS">
          <params>
            <param index="0">
              <value>
                <![CDATA[amotooricap1@gmail.com]]>
              </value>
            </param>
            <param index="1">
              <value>
                <![CDATA[12345]]>
              </value>
            </param>
          </params>
          <reporter-output>
          </reporter-output>
        </test-method> <!-- verifyLoginValidCredentails -->
        <test-method is-config="true" signature="tearDown()[pri:0, instance:com.qa.testcases.Login@128d2484]" started-at="2023-05-02T17:11:18 IST" name="tearDown" finished-at="2023-05-02T17:11:19 IST" duration-ms="433" status="PASS">
          <reporter-output>
          </reporter-output>
        </test-method> <!-- tearDown -->
        <test-method is-config="true" signature="setUp()[pri:0, instance:com.qa.testcases.Login@128d2484]" started-at="2023-05-02T17:11:19 IST" name="setUp" finished-at="2023-05-02T17:11:23 IST" duration-ms="3937" status="PASS">
          <reporter-output>
          </reporter-output>
        </test-method> <!-- setUp -->
        <test-method signature="verifyLoginValidCredentails(java.lang.String,java.lang.String)[pri:1, instance:com.qa.testcases.Login@128d2484]" started-at="2023-05-02T17:11:23 IST" name="verifyLoginValidCredentails" data-provider="ValidCredentialSupplier" finished-at="2023-05-02T17:11:24 IST" duration-ms="1116" status="PASS">
          <params>
            <param index="0">
              <value>
                <![CDATA[amotooricap3@gmail.com]]>
              </value>
            </param>
            <param index="1">
              <value>
                <![CDATA[12345]]>
              </value>
            </param>
          </params>
          <reporter-output>
          </reporter-output>
        </test-method> <!-- verifyLoginValidCredentails -->
        <test-method is-config="true" signature="tearDown()[pri:0, instance:com.qa.testcases.Login@128d2484]" started-at="2023-05-02T17:11:24 IST" name="tearDown" finished-at="2023-05-02T17:11:24 IST" duration-ms="575" status="PASS">
          <reporter-output>
          </reporter-output>
        </test-method> <!-- tearDown -->
        <test-method is-config="true" signature="setUp()[pri:0, instance:com.qa.testcases.Login@128d2484]" started-at="2023-05-02T17:11:24 IST" name="setUp" finished-at="2023-05-02T17:11:28 IST" duration-ms="3870" status="PASS">
          <reporter-output>
          </reporter-output>
        </test-method> <!-- setUp -->
        <test-method signature="verifyLoginInvalidCredentails()[pri:2, instance:com.qa.testcases.Login@128d2484]" started-at="2023-05-02T17:11:28 IST" name="verifyLoginInvalidCredentails" finished-at="2023-05-02T17:11:29 IST" duration-ms="997" status="PASS">
          <reporter-output>
          </reporter-output>
        </test-method> <!-- verifyLoginInvalidCredentails -->
        <test-method is-config="true" signature="tearDown()[pri:0, instance:com.qa.testcases.Login@128d2484]" started-at="2023-05-02T17:11:29 IST" name="tearDown" finished-at="2023-05-02T17:11:30 IST" duration-ms="455" status="PASS">
          <reporter-output>
          </reporter-output>
        </test-method> <!-- tearDown -->
        <test-method is-config="true" signature="setUp()[pri:0, instance:com.qa.testcases.Login@128d2484]" started-at="2023-05-02T17:11:30 IST" name="setUp" finished-at="2023-05-02T17:11:33 IST" duration-ms="3764" status="PASS">
          <reporter-output>
          </reporter-output>
        </test-method> <!-- setUp -->
        <test-method signature="verifyLoginInvalidEmailAndValidPassword()[pri:3, instance:com.qa.testcases.Login@128d2484]" started-at="2023-05-02T17:11:33 IST" name="verifyLoginInvalidEmailAndValidPassword" finished-at="2023-05-02T17:11:34 IST" duration-ms="1065" status="PASS">
          <reporter-output>
          </reporter-output>
        </test-method> <!-- verifyLoginInvalidEmailAndValidPassword -->
        <test-method is-config="true" signature="tearDown()[pri:0, instance:com.qa.testcases.Login@128d2484]" started-at="2023-05-02T17:11:34 IST" name="tearDown" finished-at="2023-05-02T17:11:35 IST" duration-ms="354" status="PASS">
          <reporter-output>
          </reporter-output>
        </test-method> <!-- tearDown -->
        <test-method is-config="true" signature="setUp()[pri:0, instance:com.qa.testcases.Login@128d2484]" started-at="2023-05-02T17:11:35 IST" name="setUp" finished-at="2023-05-02T17:11:40 IST" duration-ms="4737" status="PASS">
          <reporter-output>
          </reporter-output>
        </test-method> <!-- setUp -->
        <test-method signature="verifyLoginValidEmailAndInvalidPassword()[pri:4, instance:com.qa.testcases.Login@128d2484]" started-at="2023-05-02T17:11:40 IST" name="verifyLoginValidEmailAndInvalidPassword" finished-at="2023-05-02T17:11:40 IST" duration-ms="869" status="PASS">
          <reporter-output>
          </reporter-output>
        </test-method> <!-- verifyLoginValidEmailAndInvalidPassword -->
        <test-method is-config="true" signature="tearDown()[pri:0, instance:com.qa.testcases.Login@128d2484]" started-at="2023-05-02T17:11:40 IST" name="tearDown" finished-at="2023-05-02T17:11:41 IST" duration-ms="445" status="PASS">
          <reporter-output>
          </reporter-output>
        </test-method> <!-- tearDown -->
        <test-method is-config="true" signature="setUp()[pri:0, instance:com.qa.testcases.Login@128d2484]" started-at="2023-05-02T17:11:41 IST" name="setUp" finished-at="2023-05-02T17:11:45 IST" duration-ms="3701" status="PASS">
          <reporter-output>
          </reporter-output>
        </test-method> <!-- setUp -->
        <test-method signature="verifyWithoutLoginCredentials()[pri:5, instance:com.qa.testcases.Login@128d2484]" started-at="2023-05-02T17:11:45 IST" name="verifyWithoutLoginCredentials" finished-at="2023-05-02T17:11:45 IST" duration-ms="537" status="PASS">
          <reporter-output>
          </reporter-output>
        </test-method> <!-- verifyWithoutLoginCredentials -->
        <test-method is-config="true" signature="tearDown()[pri:0, instance:com.qa.testcases.Login@128d2484]" started-at="2023-05-02T17:11:45 IST" name="tearDown" finished-at="2023-05-02T17:11:46 IST" duration-ms="448" status="PASS">
          <reporter-output>
          </reporter-output>
        </test-method> <!-- tearDown -->
      </class> <!-- com.qa.testcases.Login -->
      <class name="com.qa.testcases.Search">
        <test-method is-config="true" signature="setUp()[pri:0, instance:com.qa.testcases.Search@4d5d943d]" started-at="2023-05-02T17:11:46 IST" name="setUp" finished-at="2023-05-02T17:11:50 IST" duration-ms="4803" status="PASS">
          <reporter-output>
          </reporter-output>
        </test-method> <!-- setUp -->
        <test-method signature="verifySearchWithValidProduct()[pri:1, instance:com.qa.testcases.Search@4d5d943d]" started-at="2023-05-02T17:11:50 IST" name="verifySearchWithValidProduct" finished-at="2023-05-02T17:11:51 IST" duration-ms="716" status="PASS">
          <reporter-output>
          </reporter-output>
        </test-method> <!-- verifySearchWithValidProduct -->
        <test-method is-config="true" signature="tearDown()[pri:0, instance:com.qa.testcases.Search@4d5d943d]" started-at="2023-05-02T17:11:51 IST" name="tearDown" finished-at="2023-05-02T17:11:52 IST" duration-ms="674" status="PASS">
          <reporter-output>
          </reporter-output>
        </test-method> <!-- tearDown -->
        <test-method is-config="true" signature="setUp()[pri:0, instance:com.qa.testcases.Search@4d5d943d]" started-at="2023-05-02T17:11:52 IST" name="setUp" finished-at="2023-05-02T17:11:56 IST" duration-ms="3874" status="PASS">
          <reporter-output>
          </reporter-output>
        </test-method> <!-- setUp -->
        <test-method signature="verifySearchWithInValidProduct()[pri:2, instance:com.qa.testcases.Search@4d5d943d]" started-at="2023-05-02T17:11:56 IST" name="verifySearchWithInValidProduct" finished-at="2023-05-02T17:11:56 IST" duration-ms="684" status="FAIL">
          <exception class="java.lang.AssertionError">
            <message>
              <![CDATA[The actual search message is not displayed expected [abcd] but found [There is no product that matches the search criteria.]]]>
            </message>
            <full-stacktrace>
              <![CDATA[java.lang.AssertionError: The actual search message is not displayed expected [abcd] but found [There is no product that matches the search criteria.]
at org.testng.Assert.fail(Assert.java:110)
at org.testng.Assert.failNotEquals(Assert.java:1577)
at org.testng.Assert.assertEqualsImpl(Assert.java:149)
at org.testng.Assert.assertEquals(Assert.java:131)
at org.testng.Assert.assertEquals(Assert.java:655)
at com.qa.testcases.Search.verifySearchWithInValidProduct(Search.java:43)
at java.base/jdk.internal.reflect.DirectMethodHandleAccessor.invoke(DirectMethodHandleAccessor.java:104)
at java.base/java.lang.reflect.Method.invoke(Method.java:577)
at org.testng.internal.invokers.MethodInvocationHelper.invokeMethod(MethodInvocationHelper.java:139)
at org.testng.internal.invokers.TestInvoker.invokeMethod(TestInvoker.java:677)
at org.testng.internal.invokers.TestInvoker.invokeTestMethod(TestInvoker.java:221)
at org.testng.internal.invokers.MethodRunner.runInSequence(MethodRunner.java:50)
at org.testng.internal.invokers.TestInvoker$MethodInvocationAgent.invoke(TestInvoker.java:969)
at org.testng.internal.invokers.TestInvoker.invokeTestMethods(TestInvoker.java:194)
at org.testng.internal.invokers.TestMethodWorker.invokeTestMethods(TestMethodWorker.java:148)
at org.testng.internal.invokers.TestMethodWorker.run(TestMethodWorker.java:128)
at java.base/java.util.ArrayList.forEach(ArrayList.java:1511)
at org.testng.TestRunner.privateRun(TestRunner.java:829)
at org.testng.TestRunner.run(TestRunner.java:602)
at org.testng.SuiteRunner.runTest(SuiteRunner.java:437)
at org.testng.SuiteRunner.runSequentially(SuiteRunner.java:431)
at org.testng.SuiteRunner.privateRun(SuiteRunner.java:391)
at org.testng.SuiteRunner.run(SuiteRunner.java:330)
at org.testng.SuiteRunnerWorker.runSuite(SuiteRunnerWorker.java:52)
at org.testng.SuiteRunnerWorker.run(SuiteRunnerWorker.java:95)
at org.testng.TestNG.runSuitesSequentially(TestNG.java:1256)
at org.testng.TestNG.runSuitesLocally(TestNG.java:1176)
at org.testng.TestNG.runSuites(TestNG.java:1099)
at org.testng.TestNG.run(TestNG.java:1067)
at org.testng.remote.AbstractRemoteTestNG.run(AbstractRemoteTestNG.java:115)
at org.testng.remote.RemoteTestNG.initAndRun(RemoteTestNG.java:251)
at org.testng.remote.RemoteTestNG.main(RemoteTestNG.java:77)
]]>
            </full-stacktrace>
          </exception> <!-- java.lang.AssertionError -->
          <reporter-output>
          </reporter-output>
        </test-method> <!-- verifySearchWithInValidProduct -->
        <test-method is-config="true" signature="tearDown()[pri:0, instance:com.qa.testcases.Search@4d5d943d]" started-at="2023-05-02T17:11:56 IST" name="tearDown" finished-at="2023-05-02T17:11:57 IST" duration-ms="450" status="PASS">
          <reporter-output>
          </reporter-output>
        </test-method> <!-- tearDown -->
        <test-method signature="verifySearchWithNoProductName()[pri:3, instance:com.qa.testcases.Search@4d5d943d]" started-at="2023-05-02T17:11:57 IST" name="verifySearchWithNoProductName" finished-at="2023-05-02T17:11:57 IST" depends-on-methods="com.qa.testcases.Search.verifySearchWithInValidProduct" duration-ms="0" status="SKIP">
          <exception class="java.lang.Throwable">
            <message>
              <![CDATA[Method com.qa.testcases.Search.verifySearchWithNoProductName() on instance com.qa.testcases.Search@4d5d943d depends on not successfully finished methods 
[com.qa.testcases.Search.verifySearchWithInValidProduct() on instance com.qa.testcases.Search@4d5d943d]]]>
            </message>
            <full-stacktrace>
              <![CDATA[java.lang.Throwable: Method com.qa.testcases.Search.verifySearchWithNoProductName() on instance com.qa.testcases.Search@4d5d943d depends on not successfully finished methods 
[com.qa.testcases.Search.verifySearchWithInValidProduct() on instance com.qa.testcases.Search@4d5d943d]
at org.testng.internal.invokers.TestInvoker.invokeTestMethods(TestInvoker.java:150)
at org.testng.internal.invokers.TestMethodWorker.invokeTestMethods(TestMethodWorker.java:148)
at org.testng.internal.invokers.TestMethodWorker.run(TestMethodWorker.java:128)
at java.base/java.util.ArrayList.forEach(ArrayList.java:1511)
at org.testng.TestRunner.privateRun(TestRunner.java:829)
at org.testng.TestRunner.run(TestRunner.java:602)
at org.testng.SuiteRunner.runTest(SuiteRunner.java:437)
at org.testng.SuiteRunner.runSequentially(SuiteRunner.java:431)
at org.testng.SuiteRunner.privateRun(SuiteRunner.java:391)
at org.testng.SuiteRunner.run(SuiteRunner.java:330)
at org.testng.SuiteRunnerWorker.runSuite(SuiteRunnerWorker.java:52)
at org.testng.SuiteRunnerWorker.run(SuiteRunnerWorker.java:95)
at org.testng.TestNG.runSuitesSequentially(TestNG.java:1256)
at org.testng.TestNG.runSuitesLocally(TestNG.java:1176)
at org.testng.TestNG.runSuites(TestNG.java:1099)
at org.testng.TestNG.run(TestNG.java:1067)
at org.testng.remote.AbstractRemoteTestNG.run(AbstractRemoteTestNG.java:115)
at org.testng.remote.RemoteTestNG.initAndRun(RemoteTestNG.java:251)
at org.testng.remote.RemoteTestNG.main(RemoteTestNG.java:77)
]]>
            </full-stacktrace>
          </exception> <!-- java.lang.Throwable -->
          <reporter-output>
          </reporter-output>
        </test-method> <!-- verifySearchWithNoProductName -->
      </class> <!-- com.qa.testcases.Search -->
    </test> <!-- TutorialsNinjaTests -->
  </suite> <!-- TutorialNinjaAutomationTestSuite -->
</testng-results>
