<?xml version="1.0" encoding="UTF-8"?>
<!-- Generated by org.testng.reporters.JUnitXMLReporter -->
<testsuite ignored="0" hostname="DESKTOP-MCJKM2A" failures="1" tests="14" name="TutorialsNinjaTests" time="74.257" errors="0" timestamp="2023-05-03T11:59:13 IST">
  <testcase classname="com.qa.testcases.Register" name="verifyRegisteringAccountMandatoryFields" time="1.812"/>
  <testcase classname="com.qa.testcases.Register" name="verifyRegisterAccountProvidingAllFields" time="1.797"/>
  <testcase classname="com.qa.testcases.Register" name="verifyRegisterAccountWithExistingEmailAddress" time="1.721"/>
  <testcase classname="com.qa.testcases.Register" name="registeringAccountWithoutFillingDetails" time="0.73"/>
  <testcase classname="com.qa.testcases.Login" name="verifyLoginValidCredentails" time="1.107"/>
  <testcase classname="com.qa.testcases.Login" name="verifyLoginValidCredentails" time="0.92"/>
  <testcase classname="com.qa.testcases.Login" name="verifyLoginValidCredentails" time="1.029"/>
  <testcase classname="com.qa.testcases.Login" name="verifyLoginInvalidCredentails" time="0.995"/>
  <testcase classname="com.qa.testcases.Login" name="verifyLoginInvalidEmailAndValidPassword" time="0.99"/>
  <testcase classname="com.qa.testcases.Login" name="verifyLoginValidEmailAndInvalidPassword" time="0.933"/>
  <testcase classname="com.qa.testcases.Login" name="verifyWithoutLoginCredentials" time="0.514"/>
  <testcase classname="com.qa.testcases.Search" name="verifySearchWithValidProduct" time="0.54"/>
  <testcase classname="com.qa.testcases.Search" name="verifySearchWithInValidProduct" time="0.531">
    <failure type="java.lang.AssertionError" message="The actual search message is not displayed expected [//div[contains(@class,&amp;apos;alert-dismissible&amp;apos;)]] but found [There is no product that matches the search criteria.]">
      <![CDATA[java.lang.AssertionError: The actual search message is not displayed expected [//div[contains(@class,'alert-dismissible')]] but found [There is no product that matches the search criteria.]
at com.qa.testcases.Search.verifySearchWithInValidProduct(Search.java:42)
at java.base/java.util.ArrayList.forEach(ArrayList.java:1511)
... Removed 30 stack frames]]>
    </failure>
  </testcase> <!-- verifySearchWithInValidProduct -->
  <testcase classname="com.qa.testcases.Search" name="verifySearchWithNoProductName" time="0.0">
    <skipped/>
  </testcase> <!-- verifySearchWithNoProductName -->
</testsuite> <!-- TutorialsNinjaTests -->
